0 info it worked if it ends with ok
1 verbose cli [ '/usr/bin/nodejs', '/usr/bin/npm', 'install', '-g', 'node-gyp' ]
2 info using npm@1.4.21
3 info using node@v0.10.25
4 verbose cache add [ 'node-gyp', null ]
5 verbose cache add name=undefined spec="node-gyp" args=["node-gyp",null]
6 verbose parsed url { protocol: null,
6 verbose parsed url   slashes: null,
6 verbose parsed url   auth: null,
6 verbose parsed url   host: null,
6 verbose parsed url   port: null,
6 verbose parsed url   hostname: null,
6 verbose parsed url   hash: null,
6 verbose parsed url   search: null,
6 verbose parsed url   query: null,
6 verbose parsed url   pathname: 'node-gyp',
6 verbose parsed url   path: 'node-gyp',
6 verbose parsed url   href: 'node-gyp' }
7 silly lockFile 54062583-node-gyp node-gyp
8 verbose lock node-gyp /home/zergylord/.npm/54062583-node-gyp.lock
9 silly lockFile 54062583-node-gyp node-gyp
10 silly lockFile 54062583-node-gyp node-gyp
11 verbose addNamed [ 'node-gyp', '' ]
12 verbose addNamed [ null, '*' ]
13 silly lockFile c0cd6589-node-gyp node-gyp@
14 verbose lock node-gyp@ /home/zergylord/.npm/c0cd6589-node-gyp.lock
15 silly addNameRange { name: 'node-gyp', range: '*', hasData: false }
16 verbose request where is /node-gyp
17 verbose request registry https://registry.npmjs.org/
18 verbose request id e65193fc1e6384d8
19 verbose url raw /node-gyp
20 verbose url resolving [ 'https://registry.npmjs.org/', './node-gyp' ]
21 verbose url resolved https://registry.npmjs.org/node-gyp
22 verbose request where is https://registry.npmjs.org/node-gyp
23 info trying registry request attempt 1 at 23:19:17
24 verbose etag "AYUBPH3KO52J4MJQT8RV6ECHB"
25 http GET https://registry.npmjs.org/node-gyp
26 http 304 https://registry.npmjs.org/node-gyp
27 silly registry.get cb [ 304,
27 silly registry.get   { date: 'Sun, 13 Mar 2016 07:19:17 GMT',
27 silly registry.get     via: '1.1 varnish',
27 silly registry.get     'cache-control': 'max-age=300',
27 silly registry.get     etag: '"AYUBPH3KO52J4MJQT8RV6ECHB"',
27 silly registry.get     age: '85',
27 silly registry.get     connection: 'keep-alive',
27 silly registry.get     'x-served-by': 'cache-sjc3130-SJC',
27 silly registry.get     'x-cache': 'HIT',
27 silly registry.get     'x-cache-hits': '2',
27 silly registry.get     'x-timer': 'S1457853557.691973,VS0,VE0',
27 silly registry.get     vary: 'Accept' } ]
28 verbose etag https://registry.npmjs.org/node-gyp from cache
29 silly addNameRange number 2 { name: 'node-gyp', range: '*', hasData: true }
30 silly addNameRange versions [ 'node-gyp',
30 silly addNameRange   [ '0.0.1',
30 silly addNameRange     '0.0.2',
30 silly addNameRange     '0.0.3',
30 silly addNameRange     '0.0.4',
30 silly addNameRange     '0.0.5',
30 silly addNameRange     '0.0.6',
30 silly addNameRange     '0.1.0',
30 silly addNameRange     '0.1.1',
30 silly addNameRange     '0.1.2',
30 silly addNameRange     '0.1.3',
30 silly addNameRange     '0.1.4',
30 silly addNameRange     '0.2.0',
30 silly addNameRange     '0.2.1',
30 silly addNameRange     '0.2.2',
30 silly addNameRange     '0.3.0',
30 silly addNameRange     '0.3.1',
30 silly addNameRange     '0.3.2',
30 silly addNameRange     '0.3.4',
30 silly addNameRange     '0.3.5',
30 silly addNameRange     '0.3.6',
30 silly addNameRange     '0.3.7',
30 silly addNameRange     '0.3.8',
30 silly addNameRange     '0.3.9',
30 silly addNameRange     '0.3.10',
30 silly addNameRange     '0.3.11',
30 silly addNameRange     '0.4.0',
30 silly addNameRange     '0.4.1',
30 silly addNameRange     '0.4.2',
30 silly addNameRange     '0.4.3',
30 silly addNameRange     '0.4.4',
30 silly addNameRange     '0.4.5',
30 silly addNameRange     '0.5.0',
30 silly addNameRange     '0.5.1',
30 silly addNameRange     '0.5.2',
30 silly addNameRange     '0.5.3',
30 silly addNameRange     '0.5.4',
30 silly addNameRange     '0.5.5',
30 silly addNameRange     '0.5.6',
30 silly addNameRange     '0.5.7',
30 silly addNameRange     '0.5.8',
30 silly addNameRange     '0.6.0',
30 silly addNameRange     '0.6.1',
30 silly addNameRange     '0.6.2',
30 silly addNameRange     '0.6.3',
30 silly addNameRange     '0.6.4',
30 silly addNameRange     '0.6.5',
30 silly addNameRange     '0.6.6',
30 silly addNameRange     '0.6.7',
30 silly addNameRange     '0.6.8',
30 silly addNameRange     '0.6.9',
30 silly addNameRange     '0.6.10',
30 silly addNameRange     '0.6.11',
30 silly addNameRange     '0.7.0',
30 silly addNameRange     '0.7.1',
30 silly addNameRange     '0.7.2',
30 silly addNameRange     '0.7.3',
30 silly addNameRange     '0.8.0',
30 silly addNameRange     '0.8.1',
30 silly addNameRange     '0.8.2',
30 silly addNameRange     '0.8.3',
30 silly addNameRange     '0.8.4',
30 silly addNameRange     '0.8.5',
30 silly addNameRange     '0.9.0',
30 silly addNameRange     '0.9.1',
30 silly addNameRange     '0.9.2',
30 silly addNameRange     '0.9.3',
30 silly addNameRange     '0.9.4',
30 silly addNameRange     '0.9.5',
30 silly addNameRange     '0.9.6',
30 silly addNameRange     '0.10.0',
30 silly addNameRange     '0.10.1',
30 silly addNameRange     '0.10.2',
30 silly addNameRange     '0.10.3',
30 silly addNameRange     '0.10.4',
30 silly addNameRange     '0.10.5',
30 silly addNameRange     '0.10.6',
30 silly addNameRange     '0.10.7',
30 silly addNameRange     '0.10.8',
30 silly addNameRange     '0.10.9',
30 silly addNameRange     '0.10.10',
30 silly addNameRange     '0.11.0',
30 silly addNameRange     '0.12.0',
30 silly addNameRange     '0.12.1',
30 silly addNameRange     '0.12.2',
30 silly addNameRange     '0.13.0',
30 silly addNameRange     '0.13.1',
30 silly addNameRange     '1.0.0',
30 silly addNameRange     '1.0.1',
30 silly addNameRange     '1.0.2',
30 silly addNameRange     '1.0.3',
30 silly addNameRange     '2.0.0',
30 silly addNameRange     '2.0.1',
30 silly addNameRange     '2.0.2',
30 silly addNameRange     '3.0.0',
30 silly addNameRange     '3.0.1',
30 silly addNameRange     '3.0.2',
30 silly addNameRange     '3.0.3',
30 silly addNameRange     '3.1.0',
30 silly addNameRange     '3.2.0',
30 silly addNameRange     '3.2.1',
30 silly addNameRange     '3.3.0',
30 silly addNameRange     '3.3.1' ] ]
31 verbose addNamed [ 'node-gyp', '3.3.1' ]
32 verbose addNamed [ '3.3.1', '3.3.1' ]
33 silly lockFile 210d3cbc-node-gyp-3-3-1 node-gyp@3.3.1
34 verbose lock node-gyp@3.3.1 /home/zergylord/.npm/210d3cbc-node-gyp-3-3-1.lock
35 silly lockFile 210d3cbc-node-gyp-3-3-1 node-gyp@3.3.1
36 silly lockFile 210d3cbc-node-gyp-3-3-1 node-gyp@3.3.1
37 silly lockFile c0cd6589-node-gyp node-gyp@
38 silly lockFile c0cd6589-node-gyp node-gyp@
39 silly resolved [ { name: 'node-gyp',
39 silly resolved     description: 'Node.js native addon build tool',
39 silly resolved     license: 'MIT',
39 silly resolved     keywords: [ 'native', 'addon', 'module', 'c', 'c++', 'bindings', 'gyp' ],
39 silly resolved     version: '3.3.1',
39 silly resolved     installVersion: 9,
39 silly resolved     author:
39 silly resolved      { name: 'Nathan Rajlich',
39 silly resolved        email: 'nathan@tootallnate.net',
39 silly resolved        url: 'http://tootallnate.net' },
39 silly resolved     repository: { type: 'git', url: 'git://github.com/nodejs/node-gyp.git' },
39 silly resolved     preferGlobal: true,
39 silly resolved     bin: { 'node-gyp': './bin/node-gyp.js' },
39 silly resolved     main: './lib/node-gyp.js',
39 silly resolved     dependencies:
39 silly resolved      { fstream: '^1.0.0',
39 silly resolved        glob: '3 || 4',
39 silly resolved        'graceful-fs': '^4.1.2',
39 silly resolved        minimatch: '1',
39 silly resolved        mkdirp: '^0.5.0',
39 silly resolved        nopt: '2 || 3',
39 silly resolved        npmlog: '0 || 1 || 2',
39 silly resolved        osenv: '0',
39 silly resolved        'path-array': '^1.0.0',
39 silly resolved        request: '2',
39 silly resolved        rimraf: '2',
39 silly resolved        semver: '2.x || 3.x || 4 || 5',
39 silly resolved        tar: '^2.0.0',
39 silly resolved        which: '1' },
39 silly resolved     engines: { node: '>= 0.8.0' },
39 silly resolved     devDependencies: { tape: '~4.2.0' },
39 silly resolved     scripts: { test: 'tape test/test-*' },
39 silly resolved     gitHead: '1dcf356ca7b658789447108b29a985c00ffcf0f5',
39 silly resolved     bugs: { url: 'https://github.com/nodejs/node-gyp/issues' },
39 silly resolved     homepage: 'https://github.com/nodejs/node-gyp#readme',
39 silly resolved     _id: 'node-gyp@3.3.1',
39 silly resolved     _shasum: '80f7b6d7c2f9c0495ba42c518a670c99bdf6e4a0',
39 silly resolved     _from: 'node-gyp@',
39 silly resolved     _npmVersion: '3.3.12',
39 silly resolved     _nodeVersion: '6.0.0-pre',
39 silly resolved     _npmUser: { name: 'bnoordhuis', email: 'info@bnoordhuis.nl' },
39 silly resolved     maintainers: [ [Object], [Object], [Object], [Object], [Object], [Object] ],
39 silly resolved     dist:
39 silly resolved      { shasum: '80f7b6d7c2f9c0495ba42c518a670c99bdf6e4a0',
39 silly resolved        tarball: 'http://registry.npmjs.org/node-gyp/-/node-gyp-3.3.1.tgz' },
39 silly resolved     _npmOperationalInternal:
39 silly resolved      { host: 'packages-12-west.internal.npmjs.com',
39 silly resolved        tmp: 'tmp/node-gyp-3.3.1.tgz_1457115144174_0.4018901875242591' },
39 silly resolved     directories: {},
39 silly resolved     _resolved: 'https://registry.npmjs.org/node-gyp/-/node-gyp-3.3.1.tgz',
39 silly resolved     readme: 'ERROR: No README data found!' } ]
40 info install node-gyp@3.3.1 into /usr/local/lib
41 info installOne node-gyp@3.3.1
42 verbose lib/node_modules/node-gyp unbuild
43 verbose tar unpack /home/zergylord/.npm/node-gyp/3.3.1/package.tgz
44 silly lockFile fb1382c1--local-lib-node-modules-node-gyp tar:///usr/local/lib/node_modules/node-gyp
45 verbose lock tar:///usr/local/lib/node_modules/node-gyp /home/zergylord/.npm/fb1382c1--local-lib-node-modules-node-gyp.lock
46 silly lockFile d695e30d-d-npm-node-gyp-3-3-1-package-tgz tar:///home/zergylord/.npm/node-gyp/3.3.1/package.tgz
47 verbose lock tar:///home/zergylord/.npm/node-gyp/3.3.1/package.tgz /home/zergylord/.npm/d695e30d-d-npm-node-gyp-3-3-1-package-tgz.lock
48 silly gunzTarPerm modes [ '775', '664' ]
49 error tar.unpack untar error /home/zergylord/.npm/node-gyp/3.3.1/package.tgz
50 silly lockFile fb1382c1--local-lib-node-modules-node-gyp tar:///usr/local/lib/node_modules/node-gyp
51 silly lockFile fb1382c1--local-lib-node-modules-node-gyp tar:///usr/local/lib/node_modules/node-gyp
52 silly lockFile d695e30d-d-npm-node-gyp-3-3-1-package-tgz tar:///home/zergylord/.npm/node-gyp/3.3.1/package.tgz
53 silly lockFile d695e30d-d-npm-node-gyp-3-3-1-package-tgz tar:///home/zergylord/.npm/node-gyp/3.3.1/package.tgz
54 verbose lib/node_modules/node-gyp unbuild
55 error Error: EACCES, mkdir '/usr/local/lib/node_modules'
55 error  { [Error: EACCES, mkdir '/usr/local/lib/node_modules']
55 error   errno: 3,
55 error   code: 'EACCES',
55 error   path: '/usr/local/lib/node_modules',
55 error   fstream_type: 'Directory',
55 error   fstream_path: '/usr/local/lib/node_modules/node-gyp',
55 error   fstream_class: 'DirWriter',
55 error   fstream_stack:
55 error    [ '/usr/lib/nodejs/fstream/lib/writer.js:171:23',
55 error      '/usr/lib/nodejs/mkdirp/index.js:46:53',
55 error      'Object.oncomplete (fs.js:107:15)' ] }
56 error Please try running this command again as root/Administrator.
57 error System Linux 4.2.0-30-generic
58 error command "/usr/bin/nodejs" "/usr/bin/npm" "install" "-g" "node-gyp"
59 error cwd /home/zergylord/DeepRMax/mnist
60 error node -v v0.10.25
61 error npm -v 1.4.21
62 error path /usr/local/lib/node_modules
63 error fstream_path /usr/local/lib/node_modules/node-gyp
64 error fstream_type Directory
65 error fstream_class DirWriter
66 error code EACCES
67 error errno 3
68 error stack Error: EACCES, mkdir '/usr/local/lib/node_modules'
69 error fstream_stack /usr/lib/nodejs/fstream/lib/writer.js:171:23
69 error fstream_stack /usr/lib/nodejs/mkdirp/index.js:46:53
69 error fstream_stack Object.oncomplete (fs.js:107:15)
70 verbose exit [ 3, true ]
